#-----------------------------------------------------------
# Vivado v2015.1 (64-bit)
# SW Build 1215546 on Mon Apr 27 19:07:21 MDT 2015
# IP Build 1209967 on Tue Apr 21 11:39:20 MDT 2015
# Start of session at: Tue Mar 29 11:36:49 2016
# Process ID: 9453
# Log file: /home/hartz/pc/peekon/media/Data/NoC_FPGA_Emulator/NoC_FPGA_Emulator/vivado.log
# Journal file: /home/hartz/pc/peekon/media/Data/NoC_FPGA_Emulator/NoC_FPGA_Emulator/vivado.jou
#-----------------------------------------------------------
Sourcing tcl script '/home/hartz/.Xilinx/Vivado/init.tcl'
start_gui
open_project /home/hartz/pc/peekon/media/Data/NoC_FPGA_Emulator/NoC_FPGA_Emulator/2x2_microblaze/2x2_microblaze.xpr
Scanning sources...
Finished scanning sources
INFO: [IP_Flow 19-234] Refreshing IP repositories
INFO: [IP_Flow 19-1704] No user IP repositories specified
INFO: [IP_Flow 19-2313] Loaded Vivado IP repository '/cad/x_15/Vivado/2015.1/data/ip'.
open_project: Time (s): cpu = 00:00:20 ; elapsed = 00:00:18 . Memory (MB): peak = 6009.562 ; gain = 295.902 ; free physical = 87128 ; free virtual = 386167
clean
invalid command name "clean"
reset_project
reset_project: Time (s): cpu = 00:00:05 ; elapsed = 00:00:06 . Memory (MB): peak = 6011.562 ; gain = 0.000 ; free physical = 87135 ; free virtual = 386153
open_bd_design {/home/hartz/pc/peekon/media/Data/NoC_FPGA_Emulator/NoC_FPGA_Emulator/2x2_microblaze/2x2_microblaze.srcs/sources_1/bd/microblaze/microblaze.bd}
Adding component instance block -- xilinx.com:ip:processing_system7:5.5 - processing_system7_0
Adding component instance block -- xilinx.com:ip:proc_sys_reset:5.0 - rst_processing_system7_0_100M
Adding component instance block -- xilinx.com:ip:axi_crossbar:2.1 - xbar
Adding component instance block -- xilinx.com:ip:axi_mmu:2.1 - s00_mmu
Adding component instance block -- xilinx.com:ip:axi_mmu:2.1 - s01_mmu
Adding component instance block -- xilinx.com:ip:axi_mmu:2.1 - s02_mmu
Adding component instance block -- xilinx.com:ip:axi_mmu:2.1 - s03_mmu
Adding component instance block -- xilinx.com:ip:axi_mmu:2.1 - s04_mmu
Adding component instance block -- xilinx.com:ip:axi_mmu:2.1 - s07_mmu
Adding component instance block -- xilinx.com:ip:axi_mmu:2.1 - s05_mmu
Adding component instance block -- xilinx.com:ip:axi_mmu:2.1 - s06_mmu
Adding component instance block -- xilinx.com:ip:axi_protocol_converter:2.1 - auto_pc
Adding component instance block -- xilinx.com:ip:axi_protocol_converter:2.1 - auto_pc
Adding component instance block -- xilinx.com:ip:axi_dwidth_converter:2.1 - auto_us
Adding component instance block -- xilinx.com:ip:axi_dwidth_converter:2.1 - auto_us
Adding component instance block -- xilinx.com:ip:axi_dwidth_converter:2.1 - auto_us
Adding component instance block -- xilinx.com:ip:axi_dwidth_converter:2.1 - auto_us
Adding component instance block -- xilinx.com:ip:axi_dwidth_converter:2.1 - auto_us
Adding component instance block -- xilinx.com:ip:axi_dwidth_converter:2.1 - auto_us
Adding component instance block -- xilinx.com:ip:axi_dwidth_converter:2.1 - auto_us
Adding component instance block -- xilinx.com:ip:axi_dwidth_converter:2.1 - auto_us
Adding component instance block -- xilinx.com:ip:axi_intc:4.1 - microblaze_0_axi_intc
Adding component instance block -- xilinx.com:ip:microblaze:9.5 - microblaze_0
Adding component instance block -- xilinx.com:ip:xlconcat:2.1 - microblaze_0_xlconcat
Adding component instance block -- xilinx.com:ip:lmb_v10:3.0 - dlmb_v10
Adding component instance block -- xilinx.com:ip:lmb_v10:3.0 - ilmb_v10
Adding component instance block -- xilinx.com:ip:lmb_bram_if_cntlr:4.0 - dlmb_bram_if_cntlr
Adding component instance block -- xilinx.com:ip:lmb_bram_if_cntlr:4.0 - ilmb_bram_if_cntlr
Adding component instance block -- xilinx.com:ip:blk_mem_gen:8.2 - lmb_bram
Adding component instance block -- xilinx.com:ip:axi_intc:4.1 - microblaze_0_axi_intc
Adding component instance block -- xilinx.com:ip:microblaze:9.5 - microblaze_0
Adding component instance block -- xilinx.com:ip:xlconcat:2.1 - microblaze_0_xlconcat
Adding component instance block -- xilinx.com:ip:lmb_v10:3.0 - dlmb_v10
Adding component instance block -- xilinx.com:ip:lmb_v10:3.0 - ilmb_v10
Adding component instance block -- xilinx.com:ip:lmb_bram_if_cntlr:4.0 - dlmb_bram_if_cntlr
Adding component instance block -- xilinx.com:ip:lmb_bram_if_cntlr:4.0 - ilmb_bram_if_cntlr
Adding component instance block -- xilinx.com:ip:blk_mem_gen:8.2 - lmb_bram
Adding component instance block -- xilinx.com:ip:axi_intc:4.1 - microblaze_0_axi_intc
Adding component instance block -- xilinx.com:ip:microblaze:9.5 - microblaze_0
Adding component instance block -- xilinx.com:ip:xlconcat:2.1 - microblaze_0_xlconcat
Adding component instance block -- xilinx.com:ip:lmb_v10:3.0 - dlmb_v10
Adding component instance block -- xilinx.com:ip:lmb_v10:3.0 - ilmb_v10
Adding component instance block -- xilinx.com:ip:lmb_bram_if_cntlr:4.0 - dlmb_bram_if_cntlr
Adding component instance block -- xilinx.com:ip:lmb_bram_if_cntlr:4.0 - ilmb_bram_if_cntlr
Adding component instance block -- xilinx.com:ip:blk_mem_gen:8.2 - lmb_bram
Adding component instance block -- xilinx.com:ip:axi_intc:4.1 - microblaze_0_axi_intc
Adding component instance block -- xilinx.com:ip:microblaze:9.5 - microblaze_0
Adding component instance block -- xilinx.com:ip:xlconcat:2.1 - microblaze_0_xlconcat
Adding component instance block -- xilinx.com:ip:lmb_v10:3.0 - dlmb_v10
Adding component instance block -- xilinx.com:ip:lmb_v10:3.0 - ilmb_v10
Adding component instance block -- xilinx.com:ip:lmb_bram_if_cntlr:4.0 - dlmb_bram_if_cntlr
Adding component instance block -- xilinx.com:ip:lmb_bram_if_cntlr:4.0 - ilmb_bram_if_cntlr
Adding component instance block -- xilinx.com:ip:blk_mem_gen:8.2 - lmb_bram
Adding component instance block -- xilinx.com:ip:axi_crossbar:2.1 - xbar
Successfully read diagram <microblaze> from BD file </home/hartz/pc/peekon/media/Data/NoC_FPGA_Emulator/NoC_FPGA_Emulator/2x2_microblaze/2x2_microblaze.srcs/sources_1/bd/microblaze/microblaze.bd>
open_bd_design: Time (s): cpu = 00:00:18 ; elapsed = 00:00:43 . Memory (MB): peak = 6204.203 ; gain = 190.645 ; free physical = 86978 ; free virtual = 385979
exit
INFO: [Common 17-206] Exiting Vivado at Tue Mar 29 11:49:22 2016...
