MIG: 13:33:47 : Running customizer.xit
MIG: 13:33:47 : ################# RUNNING MIG INTERACTIVE ###################
MIG: 13:33:47 : Writing IN file for 'microblaze_mig_7series_0_0'...compDirPath: /cad/x_15/Vivado/2015.1/data/ip/xilinx/mig_7series_v2_3... instDirPath: /home/hartz/.Xil/Vivado-7077-peekon/coregen/microblaze_mig_7series_0_0
MIG: 13:33:47 : synp_flow:  -- synthesis_mode: Other
MIG: 13:33:47 : outputDirectory: /home/hartz/.Xil/Vivado-7077-peekon/coregen/microblaze_mig_7series_0_0/_tmp/
MIG: 13:33:47 : vivado_mode: xpg_bd
MIG: 13:33:47 :  locked false  
MIG: 13:33:47 : HDL Language: Verilog
MIG: 13:33:47 : compInfo: false
MIG: 13:33:47 : relative mig path: coregen/ip/xilinx/other/com/xilinx/ip/mig_7series_v2_3/bin/lin64/mig
MIG: 13:33:47 : xilinx_path: /cad/x_15/Vivado/2015.1/ids_lite/ISE
MIG: 13:33:47 : I am in catch area
MIG: 13:33:47 : Running /cad/x_15/Vivado/2015.1/ids_lite/ISE/coregen/ip/xilinx/other/com/xilinx/ip/mig_7series_v2_3/bin/lin64/mig -cg_exc_inp /home/hartz/.Xil/Vivado-7077-peekon/coregen/microblaze_mig_7series_0_0/xil_txt.in -cg_exc_out /home/hartz/.Xil/Vivado-7077-peekon/coregen/microblaze_mig_7series_0_0/xil_txt.out ... 
MIG: 13:39:21 : Prasad before: xmlPropertyPrj -- .prj
MIG: 13:39:21 : Prasad After: xmlPropertyPrj -- mig_a.prj
MIG: 13:39:21 : XML_INPUT_FILE: /home/hartz/.Xil/Vivado-7077-peekon/coregen/microblaze_mig_7series_0_0/mig_a.prj
MIG: 13:39:21 : Component_Name: microblaze_mig_7series_0_0
MIG: 13:39:21 : Moving microblaze_mig_7series_0_0_xmdf.tcl ...
MIG: 13:39:21 : Moving microblaze_mig_7series_0_0.veo ...
MIG: 13:39:21 : Moving microblaze_mig_7series_0_0 ...
MIG: 13:39:21 : Sending back 0
MIG: 13:39:22 : xml_input_file: mig_a.prj
MIG: 13:39:23 : Absolute path of xml_input_file: /media/Data/NoC_FPGA_Emulator/NoC_FPGA_Emulator/2x2_microblaze/2x2_microblaze.srcs/sources_1/bd/microblaze/ip/microblaze_mig_7series_0_0/mig_a.prj
MIG: 13:39:23 : xml_input_file: mig_a.prj
MIG: 13:39:23 : Absolute path of xml_input_file: /media/Data/NoC_FPGA_Emulator/NoC_FPGA_Emulator/2x2_microblaze/2x2_microblaze.srcs/sources_1/bd/microblaze/ip/microblaze_mig_7series_0_0/mig_a.prj
MIG: 13:39:23 : In updateAllModelParams
MIG: 13:39:23 : IGN:     <ModuleName>microblaze_mig_7series_0_0</ModuleName> <==>     <ModuleName>microblaze_mig_7series_0_0</ModuleName> 
MIG: 13:39:23 : IGN:         <InputClkFreq>200</InputClkFreq> <==>         <InputClkFreq>200</InputClkFreq> 
MIG: 13:39:23 : XGUI hdlLanguage: Verilog
MIG: 13:39:23 : xgui vivado_mode: xpg_bd
MIG: 13:39:23 : xgui hdlLanguage: Verilog -- hdlExt: v
MIG: 13:39:23 : Reading /media/Data/NoC_FPGA_Emulator/NoC_FPGA_Emulator/2x2_microblaze/2x2_microblaze.srcs/sources_1/bd/microblaze/ip/microblaze_mig_7series_0_0/microblaze_mig_7series_0_0/user_design/rtl/microblaze_mig_7series_0_0_mig.v ...
MIG: 13:39:24 : 1
MIG: 13:39:24 : Inside fn mem: DDR3
MIG: 13:39:24 : QDRII+ Inside fn ui: 100000000
MIG: 13:39:24 : cntrl:  memtype: DDR3
MIG: 13:39:24 : 800
MIG: 13:39:24 :  MMCM_VCO single ctrl param_name: MMCM_VCO --  possibleMaxVcoVal: 800 
MIG: 13:39:24 : 
MIG: 13:39:24 : 1
MIG: 13:39:24 : 100000000
MIG: 13:39:24 : 
MIG: 13:39:24 :  polarity_value: 0
MIG: 13:39:24 : ACTIVE_HIGH
MIG: 13:39:24 : 
MIG: 13:39:24 : cntrl:  memtype: DDR3
MIG: 13:39:24 : 
MIG: 13:39:24 :  Valid Param: DDR3_BANK_WIDTH ==> 3
MIG: 13:39:24 : 
MIG: 13:39:24 :  Valid Param: DDR3_CK_WIDTH ==> 1
MIG: 13:39:24 :  Invalid Param: DDR3_COL_WIDTH ==> 10
MIG: 13:39:24 : 
MIG: 13:39:24 :  Valid Param: DDR3_CS_WIDTH ==> 1
MIG: 13:39:24 : 
MIG: 13:39:24 :  Valid Param: DDR3_nCS_PER_RANK ==> 1
MIG: 13:39:24 : 
MIG: 13:39:24 :  Valid Param: DDR3_CKE_WIDTH ==> 1
MIG: 13:39:24 :  Invalid Param: DDR3_DATA_BUF_ADDR_WIDTH ==> 5
MIG: 13:39:24 :  Invalid Param: DDR3_DQ_CNT_WIDTH ==> 6
MIG: 13:39:24 :  Invalid Param: DDR3_DQ_PER_DM ==> 8
MIG: 13:39:24 : 8
MIG: 13:39:24 :  Valid Param: DDR3_DM_WIDTH ==> 8
MIG: 13:39:24 : 64
MIG: 13:39:24 :  Valid Param: DDR3_DQ_WIDTH ==> 64
MIG: 13:39:24 : 8
MIG: 13:39:24 :  Valid Param: DDR3_DQS_WIDTH ==> 8
MIG: 13:39:24 : 3
MIG: 13:39:24 :  Valid Param: DDR3_DQS_CNT_WIDTH ==> 3
MIG: 13:39:24 :  Invalid Param: DDR3_DRAM_WIDTH ==> 8
MIG: 13:39:24 : 
MIG: 13:39:24 :  Valid Param: ECC ==> OFF
MIG: 13:39:24 : 64
MIG: 13:39:24 :  Valid Param: DDR3_DATA_WIDTH ==> 64
MIG: 13:39:24 :  Invalid Param: ECC_TEST ==> "OFF"
MIG: 13:39:24 :  Invalid Param: DDR3_PAYLOAD_WIDTH ==> (ECC_TEST == "OFF") ? DATA_WIDTH : DQ_WIDTH
MIG: 13:39:24 :  Invalid Param: DDR3_MEM_ADDR_ORDER ==> "BANK_ROW_COLUMN"
MIG: 13:39:24 :  Invalid Param: DDR3_nBANK_MACHS ==> 4
MIG: 13:39:24 :  Invalid Param: DDR3_RANKS ==> 1
MIG: 13:39:24 : 
MIG: 13:39:24 :  Valid Param: DDR3_ODT_WIDTH ==> 1
MIG: 13:39:24 : 
MIG: 13:39:24 :  Valid Param: DDR3_ROW_WIDTH ==> 14
MIG: 13:39:24 : 28
MIG: 13:39:24 :  Valid Param: DDR3_ADDR_WIDTH ==> 28
MIG: 13:39:24 : 
MIG: 13:39:24 :  Valid Param: DDR3_USE_CS_PORT ==> 1
MIG: 13:39:24 : 
MIG: 13:39:24 :  Valid Param: DDR3_USE_DM_PORT ==> 1
MIG: 13:39:24 : 
MIG: 13:39:24 :  Valid Param: DDR3_USE_ODT_PORT ==> 1
MIG: 13:39:24 :  Invalid Param: DDR3_IS_CLK_SHARED ==> "FALSE"
MIG: 13:39:24 :  Invalid Param: DDR3_PHY_CONTROL_MASTER_BANK ==> 1
MIG: 13:39:24 :  Invalid Param: DDR3_MEM_DENSITY ==> "1Gb"
MIG: 13:39:24 :  Invalid Param: DDR3_MEM_SPEEDGRADE ==> "125"
MIG: 13:39:24 :  Invalid Param: DDR3_MEM_DEVICE_WIDTH ==> 8
MIG: 13:39:24 :  Invalid Param: DDR3_AL ==> "0"
MIG: 13:39:24 :  Invalid Param: DDR3_nAL ==> 0
MIG: 13:39:24 :  Invalid Param: DDR3_BURST_MODE ==> "8"
MIG: 13:39:24 :  Invalid Param: DDR3_BURST_TYPE ==> "SEQ"
MIG: 13:39:24 :  Invalid Param: DDR3_CL ==> 6
MIG: 13:39:24 :  Invalid Param: DDR3_CWL ==> 5
MIG: 13:39:24 :  Invalid Param: DDR3_OUTPUT_DRV ==> "HIGH"
MIG: 13:39:24 :  Invalid Param: DDR3_RTT_NOM ==> "40"
MIG: 13:39:24 :  Invalid Param: DDR3_RTT_WR ==> "OFF"
MIG: 13:39:24 :  Invalid Param: DDR3_ADDR_CMD_MODE ==> "1T"
MIG: 13:39:24 : 
MIG: 13:39:24 :  Valid Param: DDR3_REG_CTRL ==> OFF
MIG: 13:39:24 :  Invalid Param: DDR3_CA_MIRROR ==> "OFF"
MIG: 13:39:24 :  Invalid Param: DDR3_VDD_OP_VOLT ==> "150"
MIG: 13:39:24 :  Invalid Param: DDR3_CLKIN_PERIOD ==> 5000
MIG: 13:39:24 :  Invalid Param: DDR3_CLKFBOUT_MULT ==> 4
MIG: 13:39:24 :  Invalid Param: DDR3_DIVCLK_DIVIDE ==> 1
MIG: 13:39:24 :  Invalid Param: DDR3_CLKOUT0_PHASE ==> 337.5
MIG: 13:39:24 :  Invalid Param: DDR3_CLKOUT0_DIVIDE ==> 2
MIG: 13:39:24 :  Invalid Param: DDR3_CLKOUT1_DIVIDE ==> 2
MIG: 13:39:24 :  Invalid Param: DDR3_CLKOUT2_DIVIDE ==> 32
MIG: 13:39:24 :  Invalid Param: DDR3_CLKOUT3_DIVIDE ==> 8
MIG: 13:39:24 :  Invalid Param: DDR3_MMCM_VCO ==> 800
MIG: 13:39:24 :  Invalid Param: DDR3_MMCM_MULT_F ==> 8
MIG: 13:39:24 :  Invalid Param: DDR3_MMCM_DIVCLK_DIVIDE ==> 1
MIG: 13:39:24 :  Invalid Param: DDR3_tCKE ==> 5000
MIG: 13:39:24 :  Invalid Param: DDR3_tFAW ==> 30000
MIG: 13:39:24 :  Invalid Param: DDR3_tPRDI ==> 1_000_000
MIG: 13:39:24 :  Invalid Param: DDR3_tRAS ==> 35000
MIG: 13:39:24 :  Invalid Param: DDR3_tRCD ==> 13750
MIG: 13:39:24 :  Invalid Param: DDR3_tREFI ==> 7800000
MIG: 13:39:24 :  Invalid Param: DDR3_tRFC ==> 110000
MIG: 13:39:24 :  Invalid Param: DDR3_tRP ==> 13750
MIG: 13:39:24 :  Invalid Param: DDR3_tRRD ==> 6000
MIG: 13:39:24 :  Invalid Param: DDR3_tRTP ==> 7500
MIG: 13:39:24 :  Invalid Param: DDR3_tWTR ==> 7500
MIG: 13:39:24 :  Invalid Param: DDR3_tZQI ==> 128_000_000
MIG: 13:39:24 :  Invalid Param: DDR3_tZQCS ==> 64
MIG: 13:39:24 :  Invalid Param: DDR3_SIM_BYPASS_INIT_CAL ==> "OFF"
MIG: 13:39:24 :  Invalid Param: DDR3_SIMULATION ==> "FALSE"
MIG: 13:39:24 :  Invalid Param: DDR3_BYTE_LANES_B0 ==> 4'b1111
MIG: 13:39:24 :  Invalid Param: DDR3_BYTE_LANES_B1 ==> 4'b0111
MIG: 13:39:24 :  Invalid Param: DDR3_BYTE_LANES_B2 ==> 4'b1111
MIG: 13:39:24 :  Invalid Param: DDR3_BYTE_LANES_B3 ==> 4'b0000
MIG: 13:39:24 :  Invalid Param: DDR3_BYTE_LANES_B4 ==> 4'b0000
MIG: 13:39:24 :  Invalid Param: DDR3_DATA_CTL_B0 ==> 4'b1111
MIG: 13:39:24 :  Invalid Param: DDR3_DATA_CTL_B1 ==> 4'b0000
MIG: 13:39:24 :  Invalid Param: DDR3_DATA_CTL_B2 ==> 4'b1111
MIG: 13:39:24 :  Invalid Param: DDR3_DATA_CTL_B3 ==> 4'b0000
MIG: 13:39:24 :  Invalid Param: DDR3_DATA_CTL_B4 ==> 4'b0000
MIG: 13:39:24 :  Invalid Param: DDR3_PHY_0_BITLANES ==> 48'h3FE_3FE_3FE_2FF
MIG: 13:39:24 :  Invalid Param: DDR3_PHY_1_BITLANES ==> 48'h000_FFF_C00_3FE
MIG: 13:39:24 :  Invalid Param: DDR3_PHY_2_BITLANES ==> 48'h3FE_3FE_3FE_2FF
MIG: 13:39:24 :  Invalid Param: DDR3_CK_BYTE_MAP ==> 144'h00_00_00_00_00_00_00_00_00_00_00_00_00_00_00_00_00_10
MIG: 13:39:24 :  Invalid Param: DDR3_ADDR_MAP ==> 192'h000_000_129_128_127_126_12B_12A_125_124_123_122_121_120_109_108
MIG: 13:39:24 :  Invalid Param: DDR3_BANK_MAP ==> 36'h107_106_105
MIG: 13:39:24 :  Invalid Param: DDR3_CAS_MAP ==> 12'h103
MIG: 13:39:24 :  Invalid Param: DDR3_CKE_ODT_BYTE_MAP ==> 8'h00
MIG: 13:39:24 :  Invalid Param: DDR3_CKE_MAP ==> 96'h000_000_000_000_000_000_000_11B
MIG: 13:39:24 :  Invalid Param: DDR3_ODT_MAP ==> 96'h000_000_000_000_000_000_000_11A
MIG: 13:39:24 :  Invalid Param: DDR3_CS_MAP ==> 120'h000_000_000_000_000_000_000_000_000_101
MIG: 13:39:24 :  Invalid Param: DDR3_PARITY_MAP ==> 12'h000
MIG: 13:39:24 :  Invalid Param: DDR3_RAS_MAP ==> 12'h104
MIG: 13:39:24 :  Invalid Param: DDR3_WE_MAP ==> 12'h102
MIG: 13:39:24 :  Invalid Param: DDR3_DQS_BYTE_MAP ==> 144'h00_00_00_00_00_00_00_00_00_00_20_21_22_23_00_01_02_03
MIG: 13:39:24 :  Invalid Param: DDR3_DATA0_MAP ==> 96'h031_032_033_034_035_036_037_038
MIG: 13:39:24 :  Invalid Param: DDR3_DATA1_MAP ==> 96'h021_022_023_024_025_026_027_028
MIG: 13:39:24 :  Invalid Param: DDR3_DATA2_MAP ==> 96'h011_012_013_014_016_017_018_019
MIG: 13:39:24 :  Invalid Param: DDR3_DATA3_MAP ==> 96'h000_001_002_003_004_005_006_007
MIG: 13:39:24 :  Invalid Param: DDR3_DATA4_MAP ==> 96'h231_232_233_234_235_236_237_238
MIG: 13:39:24 :  Invalid Param: DDR3_DATA5_MAP ==> 96'h221_222_223_224_225_226_227_228
MIG: 13:39:24 :  Invalid Param: DDR3_DATA6_MAP ==> 96'h211_212_213_214_216_217_218_219
MIG: 13:39:24 :  Invalid Param: DDR3_DATA7_MAP ==> 96'h200_201_202_203_204_205_206_207
MIG: 13:39:24 :  Invalid Param: DDR3_DATA8_MAP ==> 96'h000_000_000_000_000_000_000_000
MIG: 13:39:24 :  Invalid Param: DDR3_DATA9_MAP ==> 96'h000_000_000_000_000_000_000_000
MIG: 13:39:24 :  Invalid Param: DDR3_DATA10_MAP ==> 96'h000_000_000_000_000_000_000_000
MIG: 13:39:24 :  Invalid Param: DDR3_DATA11_MAP ==> 96'h000_000_000_000_000_000_000_000
MIG: 13:39:24 :  Invalid Param: DDR3_DATA12_MAP ==> 96'h000_000_000_000_000_000_000_000
MIG: 13:39:24 :  Invalid Param: DDR3_DATA13_MAP ==> 96'h000_000_000_000_000_000_000_000
MIG: 13:39:24 :  Invalid Param: DDR3_DATA14_MAP ==> 96'h000_000_000_000_000_000_000_000
MIG: 13:39:24 :  Invalid Param: DDR3_DATA15_MAP ==> 96'h000_000_000_000_000_000_000_000
MIG: 13:39:24 :  Invalid Param: DDR3_DATA16_MAP ==> 96'h000_000_000_000_000_000_000_000
MIG: 13:39:24 :  Invalid Param: DDR3_DATA17_MAP ==> 96'h000_000_000_000_000_000_000_000
MIG: 13:39:24 :  Invalid Param: DDR3_MASK0_MAP ==> 108'h000_209_215_229_239_009_015_029_039
MIG: 13:39:24 :  Invalid Param: DDR3_MASK1_MAP ==> 108'h000_000_000_000_000_000_000_000_000
MIG: 13:39:24 :  Invalid Param: DDR3_SLOT_0_CONFIG ==> 8'b0000_0001
MIG: 13:39:24 :  Invalid Param: DDR3_SLOT_1_CONFIG ==> 8'b0000_0000
MIG: 13:39:24 :  Invalid Param: DDR3_IBUF_LPWR_MODE ==> "OFF"
MIG: 13:39:24 :  Invalid Param: DDR3_DATA_IO_IDLE_PWRDWN ==> "ON"
MIG: 13:39:24 :  Invalid Param: DDR3_BANK_TYPE ==> "HR_IO"
MIG: 13:39:24 :  Invalid Param: DDR3_DATA_IO_PRIM_TYPE ==> "HR_LP"
MIG: 13:39:24 :  Invalid Param: DDR3_CKE_ODT_AUX ==> "FALSE"
MIG: 13:39:24 :  Invalid Param: DDR3_USER_REFRESH ==> "OFF"
MIG: 13:39:24 :  Invalid Param: DDR3_WRLVL ==> "ON"
MIG: 13:39:24 :  Invalid Param: DDR3_ORDERING ==> "NORM"
MIG: 13:39:24 :  Invalid Param: DDR3_CALIB_ROW_ADD ==> 16'h0000
MIG: 13:39:24 :  Invalid Param: DDR3_CALIB_COL_ADD ==> 12'h000
MIG: 13:39:24 :  Invalid Param: DDR3_CALIB_BA_ADD ==> 3'h0
MIG: 13:39:24 :  Invalid Param: DDR3_TCQ ==> 100
MIG: 13:39:24 :  Invalid Param: DDR3_IDELAY_ADJ ==> "OFF"
MIG: 13:39:24 :  Invalid Param: DDR3_FINE_PER_BIT ==> "OFF"
MIG: 13:39:24 :  Invalid Param: DDR3_CENTER_COMP_MODE ==> "OFF"
MIG: 13:39:24 :  Invalid Param: DDR3_PI_VAL_ADJ ==> "OFF"
MIG: 13:39:24 :  Invalid Param: DDR3_IODELAY_GRP0 ==> "MICROBLAZE_MIG_7SERIES_0_0_IODELAY_MIG0"
MIG: 13:39:24 :  Invalid Param: DDR3_IODELAY_GRP1 ==> "MICROBLAZE_MIG_7SERIES_0_0_IODELAY_MIG1"
MIG: 13:39:24 :  Invalid Param: DDR3_SYSCLK_TYPE ==> "DIFFERENTIAL"
MIG: 13:39:24 :  Invalid Param: DDR3_REFCLK_TYPE ==> "USE_SYSTEM_CLOCK"
MIG: 13:39:24 :  Invalid Param: DDR3_SYS_RST_PORT ==> "FALSE"
MIG: 13:39:24 :  Invalid Param: DDR3_FPGA_SPEED_GRADE ==> 1
MIG: 13:39:24 :  Invalid Param: DDR3_CMD_PIPE_PLUS1 ==> "ON"
MIG: 13:39:24 :  Invalid Param: DDR3_DRAM_TYPE ==> "DDR3"
MIG: 13:39:24 :  Invalid Param: DDR3_CAL_WIDTH ==> "HALF"
MIG: 13:39:24 :  Invalid Param: DDR3_STARVE_LIMIT ==> 2
MIG: 13:39:24 :  Invalid Param: DDR3_REF_CLK_MMCM_IODELAY_CTRL ==> "FALSE"
MIG: 13:39:24 :  Invalid Param: DDR3_REFCLK_FREQ ==> 200.0
MIG: 13:39:24 :  Invalid Param: DDR3_DIFF_TERM_REFCLK ==> "TRUE"
MIG: 13:39:24 :  Invalid Param: DDR3_tCK ==> 2500
MIG: 13:39:24 : 4
MIG: 13:39:24 :  Valid Param: DDR3_nCK_PER_CLK ==> 4
MIG: 13:39:24 :  Invalid Param: DDR3_DIFF_TERM_SYSCLK ==> "FALSE"
MIG: 13:39:24 : 
MIG: 13:39:24 :  Valid Param: UI_EXTRA_CLOCKS ==> FALSE
MIG: 13:39:24 : 
MIG: 13:39:24 :  Valid Param: C_S_AXI_ID_WIDTH ==> 4
MIG: 13:39:24 : 1073741824
MIG: 13:39:24 :  Valid Param: C_S_AXI_MEM_SIZE ==> 1073741824
MIG: 13:39:24 : 30
MIG: 13:39:24 :  Valid Param: C_S_AXI_ADDR_WIDTH ==> 30
MIG: 13:39:24 : 
MIG: 13:39:24 :  Valid Param: C_S_AXI_DATA_WIDTH ==> 32
MIG: 13:39:24 :  Invalid Param: DDR3_C_MC_nCK_PER_CLK ==> 4
MIG: 13:39:24 :  Invalid Param: C_S_AXI_SUPPORTS_NARROW_BURST ==> 0
MIG: 13:39:24 :  Invalid Param: DDR3_C_RD_WR_ARB_ALGORITHM ==> "RD_PRI_REG"
MIG: 13:39:24 :  Invalid Param: C_S_AXI_REG_EN0 ==> 20'h00000
MIG: 13:39:24 :  Invalid Param: C_S_AXI_REG_EN1 ==> 20'h00000
MIG: 13:39:24 : 
MIG: 13:39:24 :  Valid Param: C_S_AXI_CTRL_ADDR_WIDTH ==> 32
MIG: 13:39:24 : 
MIG: 13:39:24 :  Valid Param: C_S_AXI_CTRL_DATA_WIDTH ==> 32
MIG: 13:39:24 :  Invalid Param: C_S_AXI_BASEADDR ==> 32'h0000_0000
MIG: 13:39:24 :  Invalid Param: C_ECC_ONOFF_RESET_VALUE ==> 1
MIG: 13:39:24 :  Invalid Param: C_ECC_CE_COUNTER_WIDTH ==> 8
MIG: 13:39:24 : 
MIG: 13:39:24 :  Valid Param: DDR3_DEBUG_PORT ==> OFF
MIG: 13:39:24 : 
MIG: 13:39:24 :  Invalid Param: DDR3_TEMP_MON_CONTROL ==> "INTERNAL"
MIG: 13:39:24 :  Invalid Param: DDR3_RST_ACT_LOW ==> 0
MIG: 13:39:24 : 
MIG: 13:39:24 : NONE
MIG: 13:39:24 : 
MIG: 13:39:24 : Same Interface
MIG: 14:45:49 : Running synthesis.xit
MIG: 14:45:49 : IGN:     <ModuleName>microblaze_mig_7series_0_0</ModuleName> <==>     <ModuleName>microblaze_mig_7series_0_0</ModuleName> 
MIG: 14:45:49 : IGN:         <InputClkFreq>200</InputClkFreq> <==>         <InputClkFreq>200</InputClkFreq> 
MIG: 14:45:49 : Running vhdl_synth_rpr.xit
MIG: 14:45:49 : IGN:     <ModuleName>microblaze_mig_7series_0_0</ModuleName> <==>     <ModuleName>microblaze_mig_7series_0_0</ModuleName> 
MIG: 14:45:49 : IGN:         <InputClkFreq>200</InputClkFreq> <==>         <InputClkFreq>200</InputClkFreq> 
MIG: 14:45:49 : Running implementation.xit
MIG: 14:45:49 : IGN:     <ModuleName>microblaze_mig_7series_0_0</ModuleName> <==>     <ModuleName>microblaze_mig_7series_0_0</ModuleName> 
MIG: 14:45:49 : IGN:         <InputClkFreq>200</InputClkFreq> <==>         <InputClkFreq>200</InputClkFreq> 
MIG: 15:13:02 : Running synthesis.xit
MIG: 15:13:02 : ################# RUNNING MIG BATCH ###################
MIG: 15:13:02 : Writing IN file for 'microblaze_mig_7series_0_0'...compDirPath: /cad/x_15/Vivado/2015.1/data/ip/xilinx/mig_7series_v2_3... instDirPath: /media/Data/NoC_FPGA_Emulator/NoC_FPGA_Emulator/2x2_microblaze/2x2_microblaze.srcs/sources_1/bd/microblaze/ip/microblaze_mig_7series_0_0
MIG: 15:13:02 : synp_flow:  -- synthesis_mode: Other
MIG: 15:13:02 : outputDirectory: /media/Data/NoC_FPGA_Emulator/NoC_FPGA_Emulator/2x2_microblaze/2x2_microblaze.srcs/sources_1/bd/microblaze/ip/microblaze_mig_7series_0_0/_tmp/
MIG: 15:13:02 : vivado_mode: xpg_bd
MIG: 15:13:02 : isPortInterface: 0
MIG: 15:13:02 : isPortInterface: 0
MIG: 15:13:02 : isPortInterface: 0
MIG: 15:13:02 : isPortInterface: 0
MIG: 15:13:02 : isPortInterface: 0
MIG: 15:13:02 : isPortInterface: 0
MIG: 15:13:02 : isPortInterface: 0
MIG: 15:13:02 : isPortInterface: 0
MIG: 15:13:02 : isPortInterface: 0
MIG: 15:13:02 : isPortInterface: 0
MIG: 15:13:02 : isPortInterface: 0
MIG: 15:13:02 : isPortInterface: 0
MIG: 15:13:02 : isPortInterface: 0
MIG: 15:13:02 : isPortInterface: 0
MIG: 15:13:02 : isPortInterface: 0
MIG: 15:13:02 : isPortInterface: 0
MIG: 15:13:02 : isPortInterface: 0
MIG: 15:13:02 : isPortInterface: 0
MIG: 15:13:02 : isPortInterface: 0
MIG: 15:13:02 : isPortInterface: 0
MIG: 15:13:02 : isPortInterface: 0
MIG: 15:13:02 : isPortInterface: 0
MIG: 15:13:02 : isPortInterface: 0
MIG: 15:13:02 : isPortInterface: 0
MIG: 15:13:02 : isPortInterface: 0
MIG: 15:13:02 : isPortInterface: 0
MIG: 15:13:02 : isPortInterface: 0
MIG: 15:13:02 : isPortInterface: 0
MIG: 15:13:02 : isPortInterface: 0
MIG: 15:13:02 : isPortInterface: 0
MIG: 15:13:02 : isPortInterface: 0
MIG: 15:13:02 : isPortInterface: 0
MIG: 15:13:02 : isPortInterface: 0
MIG: 15:13:02 : isPortInterface: 0
MIG: 15:13:02 : isPortInterface: 0
MIG: 15:13:02 : isPortInterface: 0
MIG: 15:13:02 : isPortInterface: 0
MIG: 15:13:02 : isPortInterface: 0
MIG: 15:13:02 : isPortInterface: 0
MIG: 15:13:02 : isPortInterface: 0
MIG: 15:13:02 : isPortInterface: 0
MIG: 15:13:02 : isPortInterface: 0
MIG: 15:13:02 : isPortInterface: 0
MIG: 15:13:02 : isPortInterface: 0
MIG: 15:13:02 : isPortInterface: 0
MIG: 15:13:02 : isPortInterface: 0
MIG: 15:13:02 : isPortInterface: 0
MIG: 15:13:02 : isPortInterface: 0
MIG: 15:13:02 : isPortInterface: 0
MIG: 15:13:02 : isPortInterface: 0
MIG: 15:13:02 : isPortInterface: 0
MIG: 15:13:02 : isPortInterface: 0
MIG: 15:13:02 : isPortInterface: 0
MIG: 15:13:02 : isPortInterface: 0
MIG: 15:13:02 : isPortInterface: 0
MIG: 15:13:02 : isPortInterface: 0
MIG: 15:13:02 : isPortInterface: 0
MIG: 15:13:02 : isPortInterface: 0
MIG: 15:13:02 : isPortInterface: 0
MIG: 15:13:02 : isPortInterface: 0
MIG: 15:13:02 : isPortInterface: 0
MIG: 15:13:02 : isPortInterface: 0
MIG: 15:13:02 : isPortInterface: 0
MIG: 15:13:02 : isPortInterface: 0
MIG: 15:13:02 : isPortInterface: 0
MIG: 15:13:02 : isPortInterface: 0
MIG: 15:13:02 : isPortInterface: 0
MIG: 15:13:02 : isPortInterface: 0
MIG: 15:13:02 : isPortInterface: 0
MIG: 15:13:02 : isPortInterface: 0
MIG: 15:13:02 : isPortInterface: 0
MIG: 15:13:02 : isPortInterface: 0
MIG: 15:13:02 : isPortInterface: 0
MIG: 15:13:02 : isPortInterface: 0
MIG: 15:13:02 : isPortInterface: 0
MIG: 15:13:02 : isPortInterface: 0
MIG: 15:13:02 : isPortInterface: 0
MIG: 15:13:02 : isPortInterface: 0
MIG: 15:13:02 : isPortInterface: 0
MIG: 15:13:02 : isPortInterface: 0
MIG: 15:13:02 : isPortInterface: 0
MIG: 15:13:02 : isPortInterface: 1
MIG: 15:13:02 : isPortInterface: 0
MIG: 15:13:02 : isPortInterface: 0
MIG: 15:13:02 : isPortInterface: 0
MIG: 15:13:02 : isPortInterface: 0
MIG: 15:13:02 : isPortInterface: 0
MIG: 15:13:02 : isPortInterface: 0
MIG: 15:13:02 : isPortInterface: 0
MIG: 15:13:02 : isPortInterface: 0
MIG: 15:13:02 : isPortInterface: 0
MIG: 15:13:02 : isPortInterface: 0
MIG: 15:13:02 :  locked false  
MIG: 15:13:02 : HDL Language: Verilog
MIG: 15:13:02 : compInfo: false
MIG: 15:13:02 : Vivado Options xc7z020 clg484 -1
MIG: 15:13:02 : 1: xc7z020 2: clg484 3: -1
MIG: 15:13:02 : relative mig path: coregen/ip/xilinx/other/com/xilinx/ip/mig_7series_v2_3/bin/lin64/mig
MIG: 15:13:02 : xilinx_path: /cad/x_15/Vivado/2015.1/ids_lite/ISE
MIG: 15:13:02 : I am in catch area
MIG: 15:13:02 : Running /cad/x_15/Vivado/2015.1/ids_lite/ISE/coregen/ip/xilinx/other/com/xilinx/ip/mig_7series_v2_3/bin/lin64/mig -cg_exc_inp /media/Data/NoC_FPGA_Emulator/NoC_FPGA_Emulator/2x2_microblaze/2x2_microblaze.srcs/sources_1/bd/microblaze/ip/microblaze_mig_7series_0_0/xil_txt.in -cg_exc_out /media/Data/NoC_FPGA_Emulator/NoC_FPGA_Emulator/2x2_microblaze/2x2_microblaze.srcs/sources_1/bd/microblaze/ip/microblaze_mig_7series_0_0/xil_txt.out ... 
MIG: 15:13:12 : XML_INPUT_FILE: /media/Data/NoC_FPGA_Emulator/NoC_FPGA_Emulator/2x2_microblaze/2x2_microblaze.srcs/sources_1/bd/microblaze/ip/microblaze_mig_7series_0_0/mig_a.prj
MIG: 15:13:12 : Component_Name: microblaze_mig_7series_0_0
MIG: 15:13:12 : Moving microblaze_mig_7series_0_0 ...
MIG: 15:13:12 : Moving microblaze_mig_7series_0_0.veo ...
MIG: 15:13:12 : Moving microblaze_mig_7series_0_0_xmdf.tcl ...
MIG: 15:13:13 : Running vhdl_synth_rpr.xit
MIG: 15:13:13 : IGN:     <ModuleName>microblaze_mig_7series_0_0</ModuleName> <==>     <ModuleName>microblaze_mig_7series_0_0</ModuleName> 
MIG: 15:13:13 : IGN:         <InputClkFreq>200</InputClkFreq> <==>         <InputClkFreq>200</InputClkFreq> 
MIG: 15:13:13 : Running implementation.xit
MIG: 15:13:13 : IGN:     <ModuleName>microblaze_mig_7series_0_0</ModuleName> <==>     <ModuleName>microblaze_mig_7series_0_0</ModuleName> 
MIG: 15:13:13 : IGN:         <InputClkFreq>200</InputClkFreq> <==>         <InputClkFreq>200</InputClkFreq> 
